# JRE version: Java(TM) SE Runtime Environment (8.0_251-b08) (build 1.8.0_251-b08)
# Java VM: Java HotSpot(TM) 64-Bit Server VM (25.251-b08 mixed mode windows-amd64 compressed oops)
Heap:
 PSYoungGen      total 239616K, used 91390K [0x00000000d6200000, 0x00000000eb700000, 0x0000000100000000)
  eden space 226816K, 39% used [0x00000000d6200000,0x00000000db9a9a20,0x00000000e3f80000)
  from space 12800K, 12% used [0x00000000e3f80000,0x00000000e4115f88,0x00000000e4c00000)
  to   space 12800K, 0% used [0x00000000eaa80000,0x00000000eaa80000,0x00000000eb700000)
 ParOldGen       total 65536K, used 14053K [0x0000000082600000, 0x0000000086600000, 0x00000000d6200000)
  object space 65536K, 21% used [0x0000000082600000,0x00000000833b9740,0x0000000086600000)
 Metaspace       used 35100K, capacity 37494K, committed 37592K, reserved 1081344K
  class space    used 4356K, capacity 4772K, committed 4864K, reserved 1048576K
GC Heap History (10 events):
Event: 2.150 GC heap before
{Heap before GC invocations=7 (full 1):
 PSYoungGen      total 140288K, used 5442K [0x00000000d6200000, 0x00000000df500000, 0x0000000100000000)
  eden space 131072K, 0% used [0x00000000d6200000,0x00000000d6200000,0x00000000de200000)
  from space 9216K, 59% used [0x00000000dec00000,0x00000000df150bc0,0x00000000df500000)
  to   space 9728K, 0% used [0x00000000de200000,0x00000000de200000,0x00000000deb80000)
 ParOldGen       total 86016K, used 6819K [0x0000000082600000, 0x0000000087a00000, 0x00000000d6200000)
  object space 86016K, 7% used [0x0000000082600000,0x0000000082ca8ef8,0x0000000087a00000)
 Metaspace       used 20220K, capacity 21108K, committed 21248K, reserved 1067008K
  class space    used 2521K, capacity 2732K, committed 2816K, reserved 1048576K
Event: 2.188 GC heap after
Heap after GC invocations=7 (full 1):
 PSYoungGen      total 140288K, used 0K [0x00000000d6200000, 0x00000000df500000, 0x0000000100000000)
  eden space 131072K, 0% used [0x00000000d6200000,0x00000000d6200000,0x00000000de200000)
  from space 9216K, 0% used [0x00000000dec00000,0x00000000dec00000,0x00000000df500000)
  to   space 9728K, 0% used [0x00000000de200000,0x00000000de200000,0x00000000deb80000)
 ParOldGen       total 49152K, used 5760K [0x0000000082600000, 0x0000000085600000, 0x00000000d6200000)
  object space 49152K, 11% used [0x0000000082600000,0x0000000082ba00d8,0x0000000085600000)
 Metaspace       used 20220K, capacity 21108K, committed 21248K, reserved 1067008K
  class space    used 2521K, capacity 2732K, committed 2816K, reserved 1048576K
}
Event: 4.218 GC heap before
{Heap before GC invocations=8 (full 1):
 PSYoungGen      total 140288K, used 131051K [0x00000000d6200000, 0x00000000df500000, 0x0000000100000000)
  eden space 131072K, 99% used [0x00000000d6200000,0x00000000de1faff0,0x00000000de200000)
  from space 9216K, 0% used [0x00000000dec00000,0x00000000dec00000,0x00000000df500000)
  to   space 9728K, 0% used [0x00000000de200000,0x00000000de200000,0x00000000deb80000)
 ParOldGen       total 49152K, used 5760K [0x0000000082600000, 0x0000000085600000, 0x00000000d6200000)
  object space 49152K, 11% used [0x0000000082600000,0x0000000082ba00d8,0x0000000085600000)
 Metaspace       used 27571K, capacity 29276K, committed 29440K, reserved 1075200K
  class space    used 3524K, capacity 3824K, committed 3840K, reserved 1048576K
Event: 4.228 GC heap after
Heap after GC invocations=8 (full 1):
 PSYoungGen      total 140800K, used 9697K [0x00000000d6200000, 0x00000000e5900000, 0x0000000100000000)
  eden space 131072K, 0% used [0x00000000d6200000,0x00000000d6200000,0x00000000de200000)
  from space 9728K, 99% used [0x00000000de200000,0x00000000deb787d0,0x00000000deb80000)
  to   space 11264K, 0% used [0x00000000e4e00000,0x00000000e4e00000,0x00000000e5900000)
 ParOldGen       total 49152K, used 6231K [0x0000000082600000, 0x0000000085600000, 0x00000000d6200000)
  object space 49152K, 12% used [0x0000000082600000,0x0000000082c15fe0,0x0000000085600000)
 Metaspace       used 27571K, capacity 29276K, committed 29440K, reserved 1075200K
  class space    used 3524K, capacity 3824K, committed 3840K, reserved 1048576K
}
Event: 22.886 GC heap before
{Heap before GC invocations=9 (full 1):
 PSYoungGen      total 140800K, used 90610K [0x00000000d6200000, 0x00000000e5900000, 0x0000000100000000)
  eden space 131072K, 61% used [0x00000000d6200000,0x00000000db104120,0x00000000de200000)
  from space 9728K, 99% used [0x00000000de200000,0x00000000deb787d0,0x00000000deb80000)
  to   space 11264K, 0% used [0x00000000e4e00000,0x00000000e4e00000,0x00000000e5900000)
 ParOldGen       total 49152K, used 6231K [0x0000000082600000, 0x0000000085600000, 0x00000000d6200000)
  object space 49152K, 12% used [0x0000000082600000,0x0000000082c15fe0,0x0000000085600000)
 Metaspace       used 32974K, capacity 35362K, committed 35416K, reserved 1079296K
  class space    used 4273K, capacity 4682K, committed 4736K, reserved 1048576K
Event: 22.897 GC heap after
Heap after GC invocations=9 (full 1):
 PSYoungGen      total 233984K, used 10561K [0x00000000d6200000, 0x00000000e5880000, 0x0000000100000000)
  eden space 223232K, 0% used [0x00000000d6200000,0x00000000d6200000,0x00000000e3c00000)
  from space 10752K, 98% used [0x00000000e4e00000,0x00000000e5850420,0x00000000e5880000)
  to   space 12800K, 0% used [0x00000000e3f80000,0x00000000e3f80000,0x00000000e4c00000)
 ParOldGen       total 49152K, used 6239K [0x0000000082600000, 0x0000000085600000, 0x00000000d6200000)
  object space 49152K, 12% used [0x0000000082600000,0x0000000082c17fe0,0x0000000085600000)
 Metaspace       used 32974K, capacity 35362K, committed 35416K, reserved 1079296K
  class space    used 4273K, capacity 4682K, committed 4736K, reserved 1048576K
}
Event: 22.897 GC heap before
{Heap before GC invocations=10 (full 2):
 PSYoungGen      total 233984K, used 10561K [0x00000000d6200000, 0x00000000e5880000, 0x0000000100000000)
  eden space 223232K, 0% used [0x00000000d6200000,0x00000000d6200000,0x00000000e3c00000)
  from space 10752K, 98% used [0x00000000e4e00000,0x00000000e5850420,0x00000000e5880000)
  to   space 12800K, 0% used [0x00000000e3f80000,0x00000000e3f80000,0x00000000e4c00000)
 ParOldGen       total 49152K, used 6239K [0x0000000082600000, 0x0000000085600000, 0x00000000d6200000)
  object space 49152K, 12% used [0x0000000082600000,0x0000000082c17fe0,0x0000000085600000)
 Metaspace       used 32974K, capacity 35362K, committed 35416K, reserved 1079296K
  class space    used 4273K, capacity 4682K, committed 4736K, reserved 1048576K
Event: 22.968 GC heap after
Heap after GC invocations=10 (full 2):
 PSYoungGen      total 233984K, used 0K [0x00000000d6200000, 0x00000000e5880000, 0x0000000100000000)
  eden space 223232K, 0% used [0x00000000d6200000,0x00000000d6200000,0x00000000e3c00000)
  from space 10752K, 0% used [0x00000000e4e00000,0x00000000e4e00000,0x00000000e5880000)
  to   space 12800K, 0% used [0x00000000e3f80000,0x00000000e3f80000,0x00000000e4c00000)
 ParOldGen       total 65536K, used 14045K [0x0000000082600000, 0x0000000086600000, 0x00000000d6200000)
  object space 65536K, 21% used [0x0000000082600000,0x00000000833b7740,0x0000000086600000)
 Metaspace       used 32953K, capacity 35294K, committed 35416K, reserved 1079296K
  class space    used 4266K, capacity 4670K, committed 4736K, reserved 1048576K
}
Event: 39.000 GC heap before
{Heap before GC invocations=11 (full 2):
 PSYoungGen      total 233984K, used 223232K [0x00000000d6200000, 0x00000000e5880000, 0x0000000100000000)
  eden space 223232K, 100% used [0x00000000d6200000,0x00000000e3c00000,0x00000000e3c00000)
  from space 10752K, 0% used [0x00000000e4e00000,0x00000000e4e00000,0x00000000e5880000)
  to   space 12800K, 0% used [0x00000000e3f80000,0x00000000e3f80000,0x00000000e4c00000)
 ParOldGen       total 65536K, used 14045K [0x0000000082600000, 0x0000000086600000, 0x00000000d6200000)
  object space 65536K, 21% used [0x0000000082600000,0x00000000833b7740,0x0000000086600000)
 Metaspace       used 35064K, capacity 37494K, committed 37592K, reserved 1081344K
  class space    used 4350K, capacity 4772K, committed 4864K, reserved 1048576K
Event: 39.006 GC heap after
Heap after GC invocations=11 (full 2):
 PSYoungGen      total 239616K, used 1623K [0x00000000d6200000, 0x00000000eb700000, 0x0000000100000000)
  eden space 226816K, 0% used [0x00000000d6200000,0x00000000d6200000,0x00000000e3f80000)
  from space 12800K, 12% used [0x00000000e3f80000,0x00000000e4115f88,0x00000000e4c00000)
  to   space 12800K, 0% used [0x00000000eaa80000,0x00000000eaa80000,0x00000000eb700000)
 ParOldGen       total 65536K, used 14053K [0x0000000082600000, 0x0000000086600000, 0x00000000d6200000)
  object space 65536K, 21% used [0x0000000082600000,0x00000000833b9740,0x0000000086600000)
 Metaspace       used 35064K, capacity 37494K, committed 37592K, reserved 1081344K
  class space    used 4350K, capacity 4772K, committed 4864K, reserved 1048576K
}

